<?xml version='1.1' encoding='UTF-8'?>
<result plugin="junit@1.23">
  <suites>
    <suite>
      <file>C:\AutomationFramework\JavaSeleniumFramework\target\surefire-reports\TEST-com.mab.test.hybrid.ScriptGenerator.xml</file>
      <name>com.mab.test.hybrid.ScriptGenerator</name>
      <duration>20.874</duration>
      <time>20.874</time>
      <enclosingBlocks/>
      <enclosingBlockNames/>
      <cases>
        <case>
          <duration>20.167</duration>
          <className>com.mab.test.hybrid.ScriptGenerator</className>
          <testName>DesignDrivenExecution on DesignDrivenExecution(com.mab.test.hybrid.ScriptGenerator)</testName>
          <skipped>false</skipped>
          <errorStackTrace>java.lang.NoClassDefFoundError: com/mab/test/framework/helpers/ReportHelper
	at com.mab.test.hybrid.ScriptGenerator.executeStep(ScriptGenerator.java:331)
	at com.mab.test.hybrid.ScriptGenerator.DesignDrivenExecution(ScriptGenerator.java:56)
Caused by: java.lang.ClassNotFoundException: com.mab.test.framework.helpers.ReportHelper
	at com.mab.test.hybrid.ScriptGenerator.executeStep(ScriptGenerator.java:331)
	at com.mab.test.hybrid.ScriptGenerator.DesignDrivenExecution(ScriptGenerator.java:56)
</errorStackTrace>
          <errorDetails>com/mab/test/framework/helpers/ReportHelper</errorDetails>
          <stdout>Scenario is passed as : Android_Harvester_TableBooking
-- listing properties --
profile.path=/profiles/jenkins/config.properties
-- listing properties --
harvester.url=https://stage-harvester.cms.mbplc.com/
guest.user=guest
driver.root.dir=tools
iZone.url=https://tables.izone-staging.com/user...
harvester.booking=http://mbplc-mkt-stage2-t.adobe-campa...
mobile=Android
site.url=https://www.harvester.co.uk/
udid=ce0617165176d4120d
autoemail=No
oneills.order.url=https://stage-oneills.cms.mbplc.com/n...
toby.url=https://stage-tobycarvery.cms.mbplc.com/
guest.password=Alex900
project.name=GuestOnline
miller&amp;carter.url=https://www.millerandcarter.co.uk/
emailuser=jamesja@mbplc.com
testToRun=**/ScriptGenerator.class
screenshot=Yes
iZone.user=555045mgr
iZone.password=Sunshine1
emailpassword=Vision18
program.name=Guest Online WebPlatform
reportlink=&quot;file://corp.retailhq.net/workspace/I...
browser=chrome
emailrecipients=jamesja@mbplc.com
platform=win32
MalformedURLException occurs
</stdout>
          <failedSince>0</failedSince>
        </case>
      </cases>
    </suite>
  </suites>
  <duration>20.874</duration>
  <keepLongStdio>false</keepLongStdio>
</result>